[0m09:21:18.369810 [debug] [MainThread]: Sending event: {'category': 'dbt', 'action': 'invocation', 'label': 'start', 'context': [<snowplow_tracker.self_describing_json.SelfDescribingJson object at 0x00000211BB49F5C0>, <snowplow_tracker.self_describing_json.SelfDescribingJson object at 0x00000211BB17C320>, <snowplow_tracker.self_describing_json.SelfDescribingJson object at 0x00000211BB49F860>]}


============================== 09:21:18.397447 | 006b2693-10dd-4050-befb-a4d0b6fc582a ==============================
[0m09:21:18.397447 [info ] [MainThread]: Running with dbt=1.10.8
[0m09:21:18.397447 [debug] [MainThread]: running dbt with arguments {'printer_width': '80', 'indirect_selection': 'eager', 'log_cache_events': 'False', 'write_json': 'True', 'partial_parse': 'True', 'cache_selected_only': 'False', 'warn_error': 'None', 'fail_fast': 'False', 'version_check': 'True', 'log_path': 'logs', 'debug': 'False', 'profiles_dir': 'C:\\Users\\marcell.oliveira\\.dbt', 'use_colors': 'True', 'use_experimental_parser': 'False', 'empty': 'None', 'quiet': 'False', 'no_print': 'None', 'warn_error_options': 'WarnErrorOptionsV2(error=[], warn=[], silence=[])', 'introspect': 'True', 'log_format': 'default', 'invocation_command': 'dbt init extracao', 'target_path': 'None', 'static_parser': 'True', 'send_anonymous_usage_stats': 'True'}
[0m09:21:18.450907 [debug] [MainThread]: Starter project path: C:\Users\marcell.oliveira\Downloads\bonobo_postgres_dbt\sqlite_bonobo_dbt_postgres\venv\Lib\site-packages\dbt\include\starter_project
[0m09:21:18.482775 [info ] [MainThread]: 
Your new dbt project "extracao" was created!

For more information on how to configure the profiles.yml file,
please consult the dbt documentation here:

  https://docs.getdbt.com/docs/configure-your-profile

One more thing:

Need help? Don't hesitate to reach out to us via GitHub issues or on Slack:

  https://community.getdbt.com/

Happy modeling!

[0m09:21:18.484211 [info ] [MainThread]: Setting up your profile.
[0m09:32:57.960396 [info ] [MainThread]: Profile extracao written to C:\Users\marcell.oliveira\.dbt\profiles.yml using target's profile_template.yml and your supplied values. Run 'dbt debug' to validate the connection.
[0m09:32:57.969025 [debug] [MainThread]: Command `dbt init` succeeded at 09:32:57.969025 after 699.72 seconds
[0m09:32:57.970040 [debug] [MainThread]: Sending event: {'category': 'dbt', 'action': 'invocation', 'label': 'end', 'context': [<snowplow_tracker.self_describing_json.SelfDescribingJson object at 0x00000211BB4B7260>, <snowplow_tracker.self_describing_json.SelfDescribingJson object at 0x00000211BB28F170>, <snowplow_tracker.self_describing_json.SelfDescribingJson object at 0x00000211BB49FA40>]}
[0m09:32:57.970618 [debug] [MainThread]: Flushing usage events
[0m09:32:59.062250 [debug] [MainThread]: An error was encountered while trying to flush usage events
